# JRE version: Java(TM) SE Runtime Environment (8.0_151-b12) (build 1.8.0_151-b12)
# Java VM: Java HotSpot(TM) 64-Bit Server VM (25.151-b12 mixed mode windows-amd64 compressed oops)
Heap:
 PSYoungGen      total 117760K, used 45639K [0x00000000d5f00000, 0x00000000def00000, 0x0000000100000000)
  eden space 90112K, 50% used [0x00000000d5f00000,0x00000000d8b91f68,0x00000000db700000)
  from space 27648K, 0% used [0x00000000db700000,0x00000000db700000,0x00000000dd200000)
  to   space 25600K, 0% used [0x00000000dd200000,0x00000000dd200000,0x00000000deb00000)
 ParOldGen       total 55808K, used 50528K [0x0000000081c00000, 0x0000000085280000, 0x00000000d5f00000)
  object space 55808K, 90% used [0x0000000081c00000,0x0000000084d58040,0x0000000085280000)
 Metaspace       used 26525K, capacity 28124K, committed 28288K, reserved 1073152K
  class space    used 3562K, capacity 3852K, committed 3968K, reserved 1048576K
GC Heap History (10 events):
Event: 62.373 GC heap before
{Heap before GC invocations=15 (full 4):
 PSYoungGen      total 117760K, used 90112K [0x00000000d5f00000, 0x00000000def00000, 0x0000000100000000)
  eden space 90112K, 100% used [0x00000000d5f00000,0x00000000db700000,0x00000000db700000)
  from space 27648K, 0% used [0x00000000db700000,0x00000000db700000,0x00000000dd200000)
  to   space 25600K, 0% used [0x00000000dd200000,0x00000000dd200000,0x00000000deb00000)
 ParOldGen       total 55808K, used 50509K [0x0000000081c00000, 0x0000000085280000, 0x00000000d5f00000)
  object space 55808K, 90% used [0x0000000081c00000,0x0000000084d53670,0x0000000085280000)
 Metaspace       used 26522K, capacity 28124K, committed 28288K, reserved 1073152K
  class space    used 3560K, capacity 3852K, committed 3968K, reserved 1048576K
Event: 62.480 GC heap after
Heap after GC invocations=15 (full 4):
 PSYoungGen      total 117760K, used 0K [0x00000000d5f00000, 0x00000000def00000, 0x0000000100000000)
  eden space 90112K, 0% used [0x00000000d5f00000,0x00000000d5f00000,0x00000000db700000)
  from space 27648K, 0% used [0x00000000db700000,0x00000000db700000,0x00000000dd200000)
  to   space 25600K, 0% used [0x00000000dd200000,0x00000000dd200000,0x00000000deb00000)
 ParOldGen       total 55808K, used 50661K [0x0000000081c00000, 0x0000000085280000, 0x00000000d5f00000)
  object space 55808K, 90% used [0x0000000081c00000,0x0000000084d797a0,0x0000000085280000)
 Metaspace       used 26522K, capacity 28124K, committed 28288K, reserved 1073152K
  class space    used 3560K, capacity 3852K, committed 3968K, reserved 1048576K
}
Event: 63.685 GC heap before
{Heap before GC invocations=16 (full 5):
 PSYoungGen      total 117760K, used 90112K [0x00000000d5f00000, 0x00000000def00000, 0x0000000100000000)
  eden space 90112K, 100% used [0x00000000d5f00000,0x00000000db700000,0x00000000db700000)
  from space 27648K, 0% used [0x00000000db700000,0x00000000db700000,0x00000000dd200000)
  to   space 25600K, 0% used [0x00000000dd200000,0x00000000dd200000,0x00000000deb00000)
 ParOldGen       total 55808K, used 50661K [0x0000000081c00000, 0x0000000085280000, 0x00000000d5f00000)
  object space 55808K, 90% used [0x0000000081c00000,0x0000000084d797a0,0x0000000085280000)
 Metaspace       used 26523K, capacity 28124K, committed 28288K, reserved 1073152K
  class space    used 3561K, capacity 3852K, committed 3968K, reserved 1048576K
Event: 63.783 GC heap after
Heap after GC invocations=16 (full 5):
 PSYoungGen      total 117760K, used 0K [0x00000000d5f00000, 0x00000000def00000, 0x0000000100000000)
  eden space 90112K, 0% used [0x00000000d5f00000,0x00000000d5f00000,0x00000000db700000)
  from space 27648K, 0% used [0x00000000db700000,0x00000000db700000,0x00000000dd200000)
  to   space 25600K, 0% used [0x00000000dd200000,0x00000000dd200000,0x00000000deb00000)
 ParOldGen       total 55808K, used 50754K [0x0000000081c00000, 0x0000000085280000, 0x00000000d5f00000)
  object space 55808K, 90% used [0x0000000081c00000,0x0000000084d90828,0x0000000085280000)
 Metaspace       used 26523K, capacity 28124K, committed 28288K, reserved 1073152K
  class space    used 3561K, capacity 3852K, committed 3968K, reserved 1048576K
}
Event: 64.686 GC heap before
{Heap before GC invocations=17 (full 6):
 PSYoungGen      total 117760K, used 90112K [0x00000000d5f00000, 0x00000000def00000, 0x0000000100000000)
  eden space 90112K, 100% used [0x00000000d5f00000,0x00000000db700000,0x00000000db700000)
  from space 27648K, 0% used [0x00000000db700000,0x00000000db700000,0x00000000dd200000)
  to   space 25600K, 0% used [0x00000000dd200000,0x00000000dd200000,0x00000000deb00000)
 ParOldGen       total 55808K, used 50754K [0x0000000081c00000, 0x0000000085280000, 0x00000000d5f00000)
  object space 55808K, 90% used [0x0000000081c00000,0x0000000084d90828,0x0000000085280000)
 Metaspace       used 26523K, capacity 28124K, committed 28288K, reserved 1073152K
  class space    used 3561K, capacity 3852K, committed 3968K, reserved 1048576K
Event: 64.782 GC heap after
Heap after GC invocations=17 (full 6):
 PSYoungGen      total 117760K, used 0K [0x00000000d5f00000, 0x00000000def00000, 0x0000000100000000)
  eden space 90112K, 0% used [0x00000000d5f00000,0x00000000d5f00000,0x00000000db700000)
  from space 27648K, 0% used [0x00000000db700000,0x00000000db700000,0x00000000dd200000)
  to   space 25600K, 0% used [0x00000000dd200000,0x00000000dd200000,0x00000000deb00000)
 ParOldGen       total 55808K, used 50788K [0x0000000081c00000, 0x0000000085280000, 0x00000000d5f00000)
  object space 55808K, 91% used [0x0000000081c00000,0x0000000084d993c8,0x0000000085280000)
 Metaspace       used 26523K, capacity 28124K, committed 28288K, reserved 1073152K
  class space    used 3561K, capacity 3852K, committed 3968K, reserved 1048576K
}
Event: 65.864 GC heap before
{Heap before GC invocations=18 (full 7):
 PSYoungGen      total 117760K, used 90112K [0x00000000d5f00000, 0x00000000def00000, 0x0000000100000000)
  eden space 90112K, 100% used [0x00000000d5f00000,0x00000000db700000,0x00000000db700000)
  from space 27648K, 0% used [0x00000000db700000,0x00000000db700000,0x00000000dd200000)
  to   space 25600K, 0% used [0x00000000dd200000,0x00000000dd200000,0x00000000deb00000)
 ParOldGen       total 55808K, used 50788K [0x0000000081c00000, 0x0000000085280000, 0x00000000d5f00000)
  object space 55808K, 91% used [0x0000000081c00000,0x0000000084d993c8,0x0000000085280000)
 Metaspace       used 26524K, capacity 28124K, committed 28288K, reserved 1073152K
  class space    used 3562K, capacity 3852K, committed 3968K, reserved 1048576K
Event: 65.987 GC heap after
Heap after GC invocations=18 (full 7):
 PSYoungGen      total 117760K, used 0K [0x00000000d5f00000, 0x00000000def00000, 0x0000000100000000)
  eden space 90112K, 0% used [0x00000000d5f00000,0x00000000d5f00000,0x00000000db700000)
  from space 27648K, 0% used [0x00000000db700000,0x00000000db700000,0x00000000dd200000)
  to   space 25600K, 0% used [0x00000000dd200000,0x00000000dd200000,0x00000000deb00000)
 ParOldGen       total 55808K, used 50995K [0x0000000081c00000, 0x0000000085280000, 0x00000000d5f00000)
  object space 55808K, 91% used [0x0000000081c00000,0x0000000084dcccd0,0x0000000085280000)
 Metaspace       used 26524K, capacity 28124K, committed 28288K, reserved 1073152K
  class space    used 3562K, capacity 3852K, committed 3968K, reserved 1048576K
}
Event: 66.968 GC heap before
{Heap before GC invocations=19 (full 8):
 PSYoungGen      total 117760K, used 90112K [0x00000000d5f00000, 0x00000000def00000, 0x0000000100000000)
  eden space 90112K, 100% used [0x00000000d5f00000,0x00000000db700000,0x00000000db700000)
  from space 27648K, 0% used [0x00000000db700000,0x00000000db700000,0x00000000dd200000)
  to   space 25600K, 0% used [0x00000000dd200000,0x00000000dd200000,0x00000000deb00000)
 ParOldGen       total 55808K, used 50995K [0x0000000081c00000, 0x0000000085280000, 0x00000000d5f00000)
  object space 55808K, 91% used [0x0000000081c00000,0x0000000084dcccd0,0x0000000085280000)
 Metaspace       used 26524K, capacity 28124K, committed 28288K, reserved 1073152K
  class space    used 3562K, capacity 3852K, committed 3968K, reserved 1048576K
Event: 67.060 GC heap after
Heap after GC invocations=19 (full 8):
 PSYoungGen      total 117760K, used 0K [0x00000000d5f00000, 0x00000000def00000, 0x0000000100000000)
  eden space 90112K, 0% used [0x00000000d5f00000,0x00000000d5f00000,0x00000000db700000)
  from space 27648K, 0% used [0x00000000db700000,0x00000000db700000,0x00000000dd200000)
  to   space 25600K, 0% used [0x00000000dd200000,0x00000000dd200000,0x00000000deb00000)
 ParOldGen       total 55808K, used 50923K [0x0000000081c00000, 0x0000000085280000, 0x00000000d5f00000)
  object space 55808K, 91% used [0x0000000081c00000,0x0000000084dbae40,0x0000000085280000)
 Metaspace       used 26524K, capacity 28124K, committed 28288K, reserved 1073152K
  class space    used 3562K, capacity 3852K, committed 3968K, reserved 1048576K
}

